<?xml version="1.0" encoding="UTF-8"?>
<!-- Generated by org.testng.reporters.JUnitReportReporter -->
<testsuite skipped="0" hostname="DESKTOP-ANJK2SU" name="finalPackage.ExecutionClass" tests="1" failures="0" timestamp="13 Mar 2022 13:59:06 GMT" time="22.934" errors="0">
  <testcase name="userDetails" time="22.934" classname="finalPackage.ExecutionClass"/>
</testsuite> <!-- finalPackage.ExecutionClass -->
