<?xml version="1.0" encoding="UTF-8"?>
<!-- Generated by org.testng.reporters.JUnitReportReporter -->
<testsuite skipped="0" hostname="DESKTOP-ANJK2SU" name="finalPackage.ExecutionFlipkart" tests="1" failures="0" timestamp="16 Mar 2022 09:08:19 GMT" time="142.290" errors="0">
  <testcase name="miphoneProduct" time="142.290" classname="finalPackage.ExecutionFlipkart"/>
</testsuite> <!-- finalPackage.ExecutionFlipkart -->
